<?xml version="1.0" encoding="UTF-8"?>
<!-- Generated by org.testng.reporters.JUnitReportReporter -->
<testsuite hostname="DESKTOP-7R3VO38" failures="0" tests="2" name="test.day2" time="0.002" errors="0" timestamp="2023-08-01T18:56:16 IST" skipped="0">
  <testcase classname="test.day2" name="demo3" time="0.002"/>
  <system-out/>
  <testcase classname="test.day2" name="demo4" time="0.000"/>
  <system-out/>
</testsuite> <!-- test.day2 -->
