<?xml version="1.0" encoding="UTF-8"?>
<!-- Generated by org.testng.reporters.JUnitReportReporter -->
<testsuite hostname="DESKTOP-7R3VO38" failures="0" tests="4" name="test.DataProvider2" time="0.012" errors="0" timestamp="2023-08-02T13:35:28 IST" skipped="0">
  <testcase classname="test.DataProvider2" name="addProductToCartTest" time="0.007"/>
  <system-out/>
  <testcase classname="test.DataProvider2" name="addProductToCartTest" time="0.001"/>
  <system-out/>
  <testcase classname="test.DataProvider2" name="addProductToCartTest" time="0.002"/>
  <system-out/>
  <testcase classname="test.DataProvider2" name="addProductToCartTest" time="0.002"/>
  <system-out/>
</testsuite> <!-- test.DataProvider2 -->
