<?xml version="1.0" encoding="UTF-8"?>
<!-- Generated by org.testng.reporters.JUnitReportReporter -->
<testsuite hostname="DESKTOP-7R3VO38" failures="0" tests="1" name="test.day1" time="0.004" errors="0" timestamp="2023-08-19T17:10:52 IST" skipped="0">
  <testcase classname="test.day1" name="demo" time="0.004"/>
  <system-out/>
</testsuite> <!-- test.day1 -->
